<?xml version="1.0" encoding="UTF-8"?>
<coverage generated="1681933387766" clover="3.2.0">
  <project timestamp="1681933387766" name="All files">
    <metrics statements="23" coveredstatements="15" conditionals="0" coveredconditionals="0" methods="13" coveredmethods="4" elements="36" coveredelements="19" complexity="0" loc="23" ncloc="23" packages="2" files="3" classes="3"/>
    <package name="src">
      <metrics statements="3" coveredstatements="3" conditionals="0" coveredconditionals="0" methods="1" coveredmethods="1"/>
      <file name="App.jsx" path="/Users/alexmoran/Documents/programming/InternPracticeApp/src/App.jsx">
        <metrics statements="3" coveredstatements="3" conditionals="0" coveredconditionals="0" methods="1" coveredmethods="1"/>
        <line num="5" count="1" type="stmt"/>
        <line num="8" count="3" type="stmt"/>
        <line num="10" count="3" type="stmt"/>
      </file>
    </package>
    <package name="src.components">
      <metrics statements="20" coveredstatements="12" conditionals="0" coveredconditionals="0" methods="12" coveredmethods="3"/>
      <file name="AddItem.jsx" path="/Users/alexmoran/Documents/programming/InternPracticeApp/src/components/AddItem.jsx">
        <metrics statements="16" coveredstatements="9" conditionals="0" coveredconditionals="0" methods="10" coveredmethods="2"/>
        <line num="6" count="14" type="stmt"/>
        <line num="7" count="13" type="stmt"/>
        <line num="8" count="13" type="stmt"/>
        <line num="9" count="13" type="stmt"/>
        <line num="11" count="13" type="stmt"/>
        <line num="17" count="13" type="stmt"/>
        <line num="19" count="13" type="stmt"/>
        <line num="20" count="0" type="stmt"/>
        <line num="21" count="0" type="stmt"/>
        <line num="22" count="0" type="stmt"/>
        <line num="25" count="13" type="stmt"/>
        <line num="27" count="5" type="stmt"/>
        <line num="30" count="0" type="stmt"/>
        <line num="33" count="0" type="stmt"/>
        <line num="35" count="0" type="stmt"/>
        <line num="37" count="0" type="stmt"/>
      </file>
      <file name="ToDoTable.jsx" path="/Users/alexmoran/Documents/programming/InternPracticeApp/src/components/ToDoTable.jsx">
        <metrics statements="4" coveredstatements="3" conditionals="0" coveredconditionals="0" methods="2" coveredmethods="1"/>
        <line num="5" count="3" type="stmt"/>
        <line num="6" count="3" type="stmt"/>
        <line num="8" count="3" type="stmt"/>
        <line num="18" count="0" type="stmt"/>
      </file>
    </package>
  </project>
</coverage>
