{"/Users/alexmoran/Documents/programming/InternPracticeApp/src/App.jsx": {"path":"/Users/alexmoran/Documents/programming/InternPracticeApp/src/App.jsx","statementMap":{"0":{"start":{"line":5,"column":31},"end":{"line":5,"column":48}},"1":{"start":{"line":8,"column":38},"end":{"line":8,"column":50}},"2":{"start":{"line":10,"column":4},"end":{"line":15,"column":5}}},"fnMap":{"0":{"name":"App","decl":{"start":{"line":7,"column":24},"end":{"line":7,"column":27}},"loc":{"start":{"line":7,"column":30},"end":{"line":16,"column":1}},"line":7}},"branchMap":{},"s":{"0":1,"1":3,"2":3},"f":{"0":3},"b":{},"_coverageSchema":"1a1c01bbd47fc00a2c39e90264f33305004495a9","hash":"33d79e047c6e4aec1f96c02d86a4ae8ca891f0e7"}
,"/Users/alexmoran/Documents/programming/InternPracticeApp/src/components/AddItem.jsx": {"path":"/Users/alexmoran/Documents/programming/InternPracticeApp/src/components/AddItem.jsx","statementMap":{"0":{"start":{"line":6,"column":28},"end":{"line":6,"column":55}},"1":{"start":{"line":7,"column":25},"end":{"line":7,"column":53}},"2":{"start":{"line":8,"column":22},"end":{"line":8,"column":47}},"3":{"start":{"line":9,"column":4},"end":{"line":9,"column":56}},"4":{"start":{"line":11,"column":28},"end":{"line":15,"column":6}},"5":{"start":{"line":17,"column":42},"end":{"line":17,"column":57}},"6":{"start":{"line":19,"column":25},"end":{"line":23,"column":5}},"7":{"start":{"line":20,"column":8},"end":{"line":20,"column":27}},"8":{"start":{"line":21,"column":8},"end":{"line":21,"column":43}},"9":{"start":{"line":22,"column":8},"end":{"line":22,"column":30}},"10":{"start":{"line":25,"column":4},"end":{"line":42,"column":5}},"11":{"start":{"line":27,"column":35},"end":{"line":27,"column":55}},"12":{"start":{"line":30,"column":43},"end":{"line":30,"column":71}},"13":{"start":{"line":33,"column":124},"end":{"line":33,"column":178}},"14":{"start":{"line":33,"column":142},"end":{"line":33,"column":175}},"15":{"start":{"line":35,"column":133},"end":{"line":35,"column":192}},"16":{"start":{"line":35,"column":151},"end":{"line":35,"column":189}},"17":{"start":{"line":37,"column":129},"end":{"line":37,"column":186}},"18":{"start":{"line":37,"column":147},"end":{"line":37,"column":183}}},"fnMap":{"0":{"name":"AddItem","decl":{"start":{"line":5,"column":24},"end":{"line":5,"column":31}},"loc":{"start":{"line":5,"column":34},"end":{"line":43,"column":1}},"line":5},"1":{"name":"(anonymous_1)","decl":{"start":{"line":19,"column":25},"end":{"line":19,"column":26}},"loc":{"start":{"line":19,"column":32},"end":{"line":23,"column":5}},"line":19},"2":{"name":"(anonymous_2)","decl":{"start":{"line":27,"column":29},"end":{"line":27,"column":30}},"loc":{"start":{"line":27,"column":35},"end":{"line":27,"column":55}},"line":27},"3":{"name":"(anonymous_3)","decl":{"start":{"line":30,"column":37},"end":{"line":30,"column":38}},"loc":{"start":{"line":30,"column":43},"end":{"line":30,"column":71}},"line":30},"4":{"name":"(anonymous_4)","decl":{"start":{"line":33,"column":117},"end":{"line":33,"column":118}},"loc":{"start":{"line":33,"column":124},"end":{"line":33,"column":178}},"line":33},"5":{"name":"(anonymous_5)","decl":{"start":{"line":33,"column":133},"end":{"line":33,"column":134}},"loc":{"start":{"line":33,"column":142},"end":{"line":33,"column":175}},"line":33},"6":{"name":"(anonymous_6)","decl":{"start":{"line":35,"column":126},"end":{"line":35,"column":127}},"loc":{"start":{"line":35,"column":133},"end":{"line":35,"column":192}},"line":35},"7":{"name":"(anonymous_7)","decl":{"start":{"line":35,"column":142},"end":{"line":35,"column":143}},"loc":{"start":{"line":35,"column":151},"end":{"line":35,"column":189}},"line":35},"8":{"name":"(anonymous_8)","decl":{"start":{"line":37,"column":122},"end":{"line":37,"column":123}},"loc":{"start":{"line":37,"column":129},"end":{"line":37,"column":186}},"line":37},"9":{"name":"(anonymous_9)","decl":{"start":{"line":37,"column":138},"end":{"line":37,"column":139}},"loc":{"start":{"line":37,"column":147},"end":{"line":37,"column":183}},"line":37}},"branchMap":{},"s":{"0":14,"1":13,"2":13,"3":13,"4":13,"5":13,"6":13,"7":0,"8":0,"9":0,"10":13,"11":5,"12":0,"13":0,"14":0,"15":0,"16":0,"17":0,"18":0},"f":{"0":14,"1":0,"2":5,"3":0,"4":0,"5":0,"6":0,"7":0,"8":0,"9":0},"b":{},"_coverageSchema":"1a1c01bbd47fc00a2c39e90264f33305004495a9","hash":"4c5237c0858db6fa054e834306d891dba6ec4ac1"}
,"/Users/alexmoran/Documents/programming/InternPracticeApp/src/components/ToDoTable.jsx": {"path":"/Users/alexmoran/Documents/programming/InternPracticeApp/src/components/ToDoTable.jsx","statementMap":{"0":{"start":{"line":5,"column":28},"end":{"line":5,"column":55}},"1":{"start":{"line":6,"column":22},"end":{"line":6,"column":47}},"2":{"start":{"line":8,"column":4},"end":{"line":29,"column":5}},"3":{"start":{"line":18,"column":20},"end":{"line":25,"column":21}}},"fnMap":{"0":{"name":"ToDoTable","decl":{"start":{"line":4,"column":24},"end":{"line":4,"column":33}},"loc":{"start":{"line":4,"column":36},"end":{"line":30,"column":1}},"line":4},"1":{"name":"(anonymous_1)","decl":{"start":{"line":17,"column":31},"end":{"line":17,"column":32}},"loc":{"start":{"line":17,"column":39},"end":{"line":26,"column":17}},"line":17}},"branchMap":{},"s":{"0":3,"1":3,"2":3,"3":0},"f":{"0":3,"1":0},"b":{},"_coverageSchema":"1a1c01bbd47fc00a2c39e90264f33305004495a9","hash":"b6e8c3c87566828afb07078aeeefb1a0ef5f06ae"}
}
