{"/Users/customfont/Documents/Projects/Practice1/src/App.jsx": {"path":"/Users/customfont/Documents/Projects/Practice1/src/App.jsx","statementMap":{"0":{"start":{"line":6,"column":4},"end":{"line":12,"column":5}}},"fnMap":{"0":{"name":"App","decl":{"start":{"line":5,"column":24},"end":{"line":5,"column":27}},"loc":{"start":{"line":5,"column":30},"end":{"line":13,"column":1}},"line":5}},"branchMap":{},"s":{"0":0},"f":{"0":0},"b":{}}
,"/Users/customfont/Documents/Projects/Practice1/src/components/AddItemButton.jsx": {"path":"/Users/customfont/Documents/Projects/Practice1/src/components/AddItemButton.jsx","statementMap":{"0":{"start":{"line":11,"column":38},"end":{"line":11,"column":53}},"1":{"start":{"line":12,"column":29},"end":{"line":14,"column":1}},"2":{"start":{"line":13,"column":4},"end":{"line":13,"column":24}},"3":{"start":{"line":19,"column":26},"end":{"line":21,"column":5}},"4":{"start":{"line":20,"column":8},"end":{"line":20,"column":31}},"5":{"start":{"line":23,"column":4},"end":{"line":31,"column":5}}},"fnMap":{"0":{"name":"(anonymous_0)","decl":{"start":{"line":12,"column":29},"end":{"line":12,"column":30}},"loc":{"start":{"line":12,"column":35},"end":{"line":14,"column":1}},"line":12},"1":{"name":"AddItemButton","decl":{"start":{"line":17,"column":24},"end":{"line":17,"column":37}},"loc":{"start":{"line":17,"column":40},"end":{"line":32,"column":1}},"line":17},"2":{"name":"(anonymous_2)","decl":{"start":{"line":19,"column":26},"end":{"line":19,"column":27}},"loc":{"start":{"line":19,"column":33},"end":{"line":21,"column":5}},"line":19}},"branchMap":{},"s":{"0":0,"1":0,"2":0,"3":0,"4":0,"5":0},"f":{"0":0,"1":0,"2":0},"b":{}}
,"/Users/customfont/Documents/Projects/Practice1/src/components/AddItemModal.jsx": {"path":"/Users/customfont/Documents/Projects/Practice1/src/components/AddItemModal.jsx","statementMap":{},"fnMap":{},"branchMap":{},"s":{},"f":{},"b":{}}
,"/Users/customfont/Documents/Projects/Practice1/src/components/ToDoTable.jsx": {"path":"/Users/customfont/Documents/Projects/Practice1/src/components/ToDoTable.jsx","statementMap":{"0":{"start":{"line":5,"column":26},"end":{"line":14,"column":5}},"1":{"start":{"line":6,"column":8},"end":{"line":13,"column":9}},"2":{"start":{"line":16,"column":4},"end":{"line":28,"column":5}}},"fnMap":{"0":{"name":"ToDoTable","decl":{"start":{"line":3,"column":24},"end":{"line":3,"column":33}},"loc":{"start":{"line":3,"column":36},"end":{"line":29,"column":1}},"line":3},"1":{"name":"(anonymous_1)","decl":{"start":{"line":5,"column":26},"end":{"line":5,"column":27}},"loc":{"start":{"line":5,"column":32},"end":{"line":14,"column":5}},"line":5}},"branchMap":{},"s":{"0":0,"1":0,"2":0},"f":{"0":0,"1":0},"b":{}}
}
