TN:
SF:src/App.jsx
FN:7,App
FNF:1
FNH:1
FNDA:3,App
DA:5,1
DA:8,3
DA:10,3
LF:3
LH:3
BRF:0
BRH:0
end_of_record
TN:
SF:src/components/AddItem.jsx
FN:5,AddItem
FN:19,(anonymous_1)
FN:27,(anonymous_2)
FN:30,(anonymous_3)
FN:33,(anonymous_4)
FN:33,(anonymous_5)
FN:35,(anonymous_6)
FN:35,(anonymous_7)
FN:37,(anonymous_8)
FN:37,(anonymous_9)
FNF:10
FNH:2
FNDA:14,AddItem
FNDA:0,(anonymous_1)
FNDA:5,(anonymous_2)
FNDA:0,(anonymous_3)
FNDA:0,(anonymous_4)
FNDA:0,(anonymous_5)
FNDA:0,(anonymous_6)
FNDA:0,(anonymous_7)
FNDA:0,(anonymous_8)
FNDA:0,(anonymous_9)
DA:6,14
DA:7,13
DA:8,13
DA:9,13
DA:11,13
DA:17,13
DA:19,13
DA:20,0
DA:21,0
DA:22,0
DA:25,13
DA:27,5
DA:30,0
DA:33,0
DA:35,0
DA:37,0
LF:16
LH:9
BRF:0
BRH:0
end_of_record
TN:
SF:src/components/ToDoTable.jsx
FN:4,ToDoTable
FN:17,(anonymous_1)
FNF:2
FNH:1
FNDA:3,ToDoTable
FNDA:0,(anonymous_1)
DA:5,3
DA:6,3
DA:8,3
DA:18,0
LF:4
LH:3
BRF:0
BRH:0
end_of_record
