TN:
SF:src/App.jsx
FN:5,App
FNF:1
FNH:0
FNDA:0,App
DA:6,0
LF:1
LH:0
BRF:0
BRH:0
end_of_record
TN:
SF:src/components/AddItemButton.jsx
FN:12,(anonymous_0)
FN:17,AddItemButton
FN:19,(anonymous_2)
FNF:3
FNH:0
FNDA:0,(anonymous_0)
FNDA:0,AddItemButton
FNDA:0,(anonymous_2)
DA:11,0
DA:12,0
DA:13,0
DA:19,0
DA:20,0
DA:23,0
LF:6
LH:0
BRF:0
BRH:0
end_of_record
TN:
SF:src/components/AddItemModal.jsx
FNF:0
FNH:0
LF:0
LH:0
BRF:0
BRH:0
end_of_record
TN:
SF:src/components/ToDoTable.jsx
FN:3,ToDoTable
FN:5,(anonymous_1)
FNF:2
FNH:0
FNDA:0,ToDoTable
FNDA:0,(anonymous_1)
DA:5,0
DA:6,0
DA:16,0
LF:3
LH:0
BRF:0
BRH:0
end_of_record
